
The following files have been resolved:
   com.github.jknack:handlebars-guava-cache:jar:4.0.6:compile
   org.apache.maven:maven-compat:jar:3.0:compile
   com.sparkjava:spark-template-handlebars:jar:2.5.5:compile
   org.apache.maven:maven-archiver:jar:3.5.0:compile
   org.apache.maven:maven-settings-builder:jar:3.0:compile
   org.sonatype.aether:aether-util:jar:1.7:compile
   org.eclipse.jetty.websocket:websocket-api:jar:9.4.4.v20170414:compile
   org.apache.maven:maven-core:jar:3.0:compile
   org.apache.maven:maven-model:jar:3.0:compile
   org.apache.maven:maven-artifact:jar:3.0:compile
   org.slf4j:slf4j-api:jar:1.7.36:compile
   org.apache.maven.plugins:maven-assembly-plugin:jar:3.3.0:compile
   org.apache.maven:maven-model-builder:jar:3.0:compile
   org.codehaus.plexus:plexus-component-annotations:jar:1.5.5:compile
   org.eclipse.jetty:jetty-io:jar:9.4.4.v20170414:compile
   org.eclipse.jetty:jetty-webapp:jar:9.4.4.v20170414:compile
   org.apache.maven:maven-repository-metadata:jar:3.0:compile
   com.github.jknack:handlebars:jar:4.0.6:compile
   org.apache.maven.shared:maven-shared-io:jar:3.0.0:compile
   org.apache.commons:commons-compress:jar:1.19:compile
   org.sonatype.aether:aether-api:jar:1.7:compile
   org.codehaus.plexus:plexus-interpolation:jar:1.25:compile
   org.eclipse.jetty:jetty-http:jar:9.4.4.v20170414:compile
   org.apache.maven.shared:maven-common-artifact-filters:jar:3.1.0:compile
   org.apache.maven.wagon:wagon-provider-api:jar:2.10:compile
   org.eclipse.jetty:jetty-xml:jar:9.4.4.v20170414:compile
   org.codehaus.plexus:plexus-io:jar:3.2.0:compile
   org.sonatype.sisu:sisu-guice:jar:noaop:2.1.7:compile
   org.eclipse.jetty:jetty-server:jar:9.4.4.v20170414:compile
   org.eclipse.jetty.websocket:websocket-client:jar:9.4.4.v20170414:compile
   org.antlr:antlr4-runtime:jar:4.5.1-1:compile
   org.apache.maven.shared:maven-artifact-transfer:jar:0.11.0:compile
   org.apache.maven.shared:file-management:jar:3.0.0:compile
   org.sonatype.plexus:plexus-cipher:jar:1.4:compile
   commons-codec:commons-codec:jar:1.6:compile
   org.iq80.snappy:snappy:jar:0.4:compile
   org.apache.commons:commons-lang3:jar:3.1:compile
   org.apache.maven.shared:maven-shared-utils:jar:3.1.0:compile
   commons-io:commons-io:jar:2.5:compile
   org.apache.maven:maven-aether-provider:jar:3.0:runtime
   org.sonatype.plexus:plexus-build-api:jar:0.0.7:compile
   org.eclipse.jetty.websocket:websocket-server:jar:9.4.4.v20170414:compile
   org.eclipse.jetty.websocket:websocket-common:jar:9.4.4.v20170414:compile
   org.apache.maven:maven-settings:jar:3.0:compile
   org.eclipse.jetty:jetty-util:jar:9.4.4.v20170414:compile
   org.eclipse.jetty:jetty-client:jar:9.4.4.v20170414:compile
   org.apache.maven:maven-plugin-api:jar:3.0:compile
   org.sonatype.sisu:sisu-inject-bean:jar:1.4.2:compile
   org.sonatype.sisu:sisu-inject-plexus:jar:1.4.2:compile
   org.postgresql:postgresql:jar:42.3.4:compile
   org.eclipse.jetty:jetty-servlet:jar:9.4.4.v20170414:compile
   org.checkerframework:checker-qual:jar:3.5.0:runtime
   org.codehaus.plexus:plexus-classworlds:jar:2.2.3:compile
   com.sparkjava:spark-core:jar:2.6.0:compile
   com.google.guava:guava:jar:14.0.1:compile
   org.sql2o:sql2o:jar:1.6.0:compile
   org.eclipse.jetty.websocket:websocket-servlet:jar:9.4.4.v20170414:compile
   org.sonatype.aether:aether-spi:jar:1.7:compile
   org.sonatype.plexus:plexus-sec-dispatcher:jar:1.3:compile
   org.codehaus.plexus:plexus-utils:jar:3.3.0:compile
   javax.servlet:javax.servlet-api:jar:3.1.0:compile
   org.tukaani:xz:jar:1.8:runtime
   org.apache.maven.shared:maven-filtering:jar:3.1.1:compile
   org.codehaus.plexus:plexus-archiver:jar:4.2.1:compile
   org.mozilla:rhino:jar:1.7R4:compile
   org.sonatype.aether:aether-impl:jar:1.7:compile
   org.eclipse.jetty:jetty-security:jar:9.4.4.v20170414:compile

